<?xml version="1.0" encoding="UTF-8"?>
<!-- Generated by org.testng.reporters.JUnitReportReporter -->
<testsuite hostname="LAPTOP-04RI73VQ" failures="0" tests="1" name="Test.AssertionOnZerodhaloginTest" time="6.487" errors="0" timestamp="2022-05-02T09:03:30 IST" skipped="0">
  <testcase classname="Test.AssertionOnZerodhaloginTest" name="LoginPageValidation" time="6.487"/>
  <system-out/>
</testsuite> <!-- Test.AssertionOnZerodhaloginTest -->
